<?xml version="1.0" encoding="UTF-8"?>
<!-- Generated by org.testng.reporters.JUnitXMLReporter -->
<testsuite ignored="2" hostname="DESKTOP-36K4U8M" failures="2" tests="3" name="SmokeTestGroup" time="125.761" errors="0" timestamp="03 Nov 2020 07:13:20 GMT">
  <testcase classname="testClass.mainTestClass" name="HealthInsuranceTestCase" time="28.997"/>
  <testcase classname="testClass.mainTestClass" name="Navigation" time="62.826">
    <failure type="java.lang.NullPointerException" message="Cannot invoke &amp;quot;pageClass.carNumber.Logo1()&amp;quot; because &amp;quot;this.carNum&amp;quot; is null">
      <![CDATA[java.lang.NullPointerException: Cannot invoke "pageClass.carNumber.Logo1()" because "this.carNum" is null
at testClass.mainTestClass.Navigation(mainTestClass.java:87)
... Removed 25 stack frames]]>
    </failure>
  </testcase> <!-- Navigation -->
  <testcase classname="testClass.mainTestClass" name="checkIconAndMenuItem" time="33.897">
    <failure type="java.lang.AssertionError" message="Both the pages are different expected [Insurance - Compare &amp;amp; Buy Insurance Plans – Health, Term, Life, Car] but found [Car Insurance Online: Compare, Buy/Renew Car Insurance Policy]">
      <![CDATA[java.lang.AssertionError: Both the pages are different expected [Insurance - Compare & Buy Insurance Plans – Health, Term, Life, Car] but found [Car Insurance Online: Compare, Buy/Renew Car Insurance Policy]
at testClass.mainTestClass.checkIconAndMenuItem(mainTestClass.java:111)
... Removed 30 stack frames]]>
    </failure>
  </testcase> <!-- checkIconAndMenuItem -->
  <testcase classname="testClass.mainTestClass" name="travelInsuranceTestCase" time="0.0">
    <ignored/>
  </testcase> <!-- travelInsuranceTestCase -->
  <testcase classname="testClass.mainTestClass" name="CarInsuranceTestCase" time="0.0">
    <ignored/>
  </testcase> <!-- CarInsuranceTestCase -->
</testsuite> <!-- SmokeTestGroup -->
