<?xml version="1.0" encoding="UTF-8"?>
<!-- Generated by org.testng.reporters.JUnitXMLReporter -->
<testsuite hostname="DELL-PC" ignored="1" name="Test" tests="8" failures="2" timestamp="23 Nov 2020 19:42:22 GMT" time="130.42" errors="0">
  <testcase name="@AfterMethod close" time="0.028" classname="testClass.RegressionTest">
    <failure type="org.openqa.selenium.NoSuchSessionException" message="invalid session id
Build info: version: &amp;apos;3.141.59&amp;apos;, revision: &amp;apos;e82be7d358&amp;apos;, time: &amp;apos;2018-11-14T08:17:03&amp;apos;
System info: host: &amp;apos;DELL-PC&amp;apos;, ip: &amp;apos;192.168.0.102&amp;apos;, os.name: &amp;apos;Windows 7&amp;apos;, os.arch: &amp;apos;amd64&amp;apos;, os.version: &amp;apos;6.1&amp;apos;, java.version: &amp;apos;1.8.0_261&amp;apos;
Driver info: org.openqa.selenium.chrome.ChromeDriver
Capabilities {acceptInsecureCerts: false, browserName: chrome, browserVersion: 86.0.4240.111, chrome: {chromedriverVersion: 85.0.4183.87 (cd6713ebf92fa..., userDataDir: C:\Users\DELL\AppData\Local...}, goog:chromeOptions: {debuggerAddress: localhost:50256}, javascriptEnabled: true, networkConnectionEnabled: false, pageLoadStrategy: normal, platform: WINDOWS, platformName: WINDOWS, proxy: Proxy(), setWindowRect: true, strictFileInteractability: false, timeouts: {implicit: 0, pageLoad: 300000, script: 30000}, unhandledPromptBehavior: dismiss and notify, webauthn:virtualAuthenticators: true}
Session ID: 39bb5f785bc7e1b68cdefb834d4e013f">
      <![CDATA[org.openqa.selenium.NoSuchSessionException: invalid session id
Build info: version: '3.141.59', revision: 'e82be7d358', time: '2018-11-14T08:17:03'
System info: host: 'DELL-PC', ip: '192.168.0.102', os.name: 'Windows 7', os.arch: 'amd64', os.version: '6.1', java.version: '1.8.0_261'
Driver info: org.openqa.selenium.chrome.ChromeDriver
Capabilities {acceptInsecureCerts: false, browserName: chrome, browserVersion: 86.0.4240.111, chrome: {chromedriverVersion: 85.0.4183.87 (cd6713ebf92fa..., userDataDir: C:\Users\DELL\AppData\Local...}, goog:chromeOptions: {debuggerAddress: localhost:50256}, javascriptEnabled: true, networkConnectionEnabled: false, pageLoadStrategy: normal, platform: WINDOWS, platformName: WINDOWS, proxy: Proxy(), setWindowRect: true, strictFileInteractability: false, timeouts: {implicit: 0, pageLoad: 300000, script: 30000}, unhandledPromptBehavior: dismiss and notify, webauthn:virtualAuthenticators: true}
Session ID: 39bb5f785bc7e1b68cdefb834d4e013f
	at org.openqa.selenium.remote.http.W3CHttpResponseCodec.createException(W3CHttpResponseCodec.java:187)
	at org.openqa.selenium.remote.http.W3CHttpResponseCodec.decode(W3CHttpResponseCodec.java:122)
	at org.openqa.selenium.remote.http.W3CHttpResponseCodec.decode(W3CHttpResponseCodec.java:49)
	at org.openqa.selenium.remote.HttpCommandExecutor.execute(HttpCommandExecutor.java:158)
	at org.openqa.selenium.remote.service.DriverCommandExecutor.execute(DriverCommandExecutor.java:83)
	at org.openqa.selenium.remote.RemoteWebDriver.execute(RemoteWebDriver.java:552)
	at org.openqa.selenium.remote.RemoteWebDriver.execute(RemoteWebDriver.java:609)
	at org.openqa.selenium.remote.RemoteWebDriver.close(RemoteWebDriver.java:442)
	at testClass.RegressionTest.close(RegressionTest.java:96)
... Removed 31 stack frames]]>
    </failure>
  </testcase> <!-- @AfterMethod close -->
  <testcase name="@AfterMethod flushReports" time="0.0" classname="BaseClass.baseTestClass">
    <skipped/>
  </testcase> <!-- @AfterMethod flushReports -->
  <testcase name="carInsuranceTestCase" time="0.018" classname="utilities.test_DataProvider"/>
  <testcase name="carInsuranceTestCase" time="0.003" classname="utilities.test_DataProvider"/>
  <testcase name="carInsuranceTestCase" time="0.002" classname="utilities.test_DataProvider"/>
  <testcase name="carInsuranceTestCase" time="0.002" classname="utilities.test_DataProvider"/>
  <testcase name="CarInsuranceTestCase" time="112.806" classname="testClass.RegressionTest">
    <failure type="java.lang.AssertionError" message="no such element: Unable to locate element: {&amp;quot;method&amp;quot;:&amp;quot;xpath&amp;quot;,&amp;quot;selector&amp;quot;:&amp;quot;//div[@class=&amp;apos;row&amp;apos;]/li[8]&amp;quot;}
  (Session info: chrome=86.0.4240.111)
For documentation on this error, please visit: https://www.seleniumhq.org/exceptions/no_such_element.html
Build info: version: &amp;apos;3.141.59&amp;apos;, revision: &amp;apos;e82be7d358&amp;apos;, time: &amp;apos;2018-11-14T08:17:03&amp;apos;
System info: host: &amp;apos;DELL-PC&amp;apos;, ip: &amp;apos;192.168.0.102&amp;apos;, os.name: &amp;apos;Windows 7&amp;apos;, os.arch: &amp;apos;amd64&amp;apos;, os.version: &amp;apos;6.1&amp;apos;, java.version: &amp;apos;1.8.0_261&amp;apos;
Driver info: org.openqa.selenium.chrome.ChromeDriver
Capabilities {acceptInsecureCerts: false, browserName: chrome, browserVersion: 86.0.4240.111, chrome: {chromedriverVersion: 85.0.4183.87 (cd6713ebf92fa..., userDataDir: C:\Users\DELL\AppData\Local...}, goog:chromeOptions: {debuggerAddress: localhost:50256}, javascriptEnabled: true, networkConnectionEnabled: false, pageLoadStrategy: normal, platform: WINDOWS, platformName: WINDOWS, proxy: Proxy(), setWindowRect: true, strictFileInteractability: false, timeouts: {implicit: 0, pageLoad: 300000, script: 30000}, unhandledPromptBehavior: dismiss and notify, webauthn:virtualAuthenticators: true}
Session ID: 39bb5f785bc7e1b68cdefb834d4e013f
*** Element info: {Using=xpath, value=//div[@class=&amp;apos;row&amp;apos;]/li[8]}">
      <![CDATA[java.lang.AssertionError: no such element: Unable to locate element: {"method":"xpath","selector":"//div[@class='row']/li[8]"}
  (Session info: chrome=86.0.4240.111)
For documentation on this error, please visit: https://www.seleniumhq.org/exceptions/no_such_element.html
Build info: version: '3.141.59', revision: 'e82be7d358', time: '2018-11-14T08:17:03'
System info: host: 'DELL-PC', ip: '192.168.0.102', os.name: 'Windows 7', os.arch: 'amd64', os.version: '6.1', java.version: '1.8.0_261'
Driver info: org.openqa.selenium.chrome.ChromeDriver
Capabilities {acceptInsecureCerts: false, browserName: chrome, browserVersion: 86.0.4240.111, chrome: {chromedriverVersion: 85.0.4183.87 (cd6713ebf92fa..., userDataDir: C:\Users\DELL\AppData\Local...}, goog:chromeOptions: {debuggerAddress: localhost:50256}, javascriptEnabled: true, networkConnectionEnabled: false, pageLoadStrategy: normal, platform: WINDOWS, platformName: WINDOWS, proxy: Proxy(), setWindowRect: true, strictFileInteractability: false, timeouts: {implicit: 0, pageLoad: 300000, script: 30000}, unhandledPromptBehavior: dismiss and notify, webauthn:virtualAuthenticators: true}
Session ID: 39bb5f785bc7e1b68cdefb834d4e013f
*** Element info: {Using=xpath, value=//div[@class='row']/li[8]}
	at BaseClass.pageBaseClass.testCaseFail(pageBaseClass.java:100)
	at pageClass.fillCarInsuranceForm.fillForm(fillCarInsuranceForm.java:43)
	at testClass.RegressionTest.CarInsuranceTestCase(RegressionTest.java:88)
... Removed 26 stack frames]]>
    </failure>
  </testcase> <!-- CarInsuranceTestCase -->
  <testcase name="CarInsuranceTestCase" time="8.732" classname="testClass.RegressionTest">
    <failure type="org.openqa.selenium.WebDriverException" message="unknown error: Chrome failed to start: exited normally.
  (unknown error: DevToolsActivePort file doesn&amp;apos;t exist)
  (The process started from chrome location C:\Program Files (x86)\Google\Chrome\Application\chrome.exe is no longer running, so ChromeDriver is assuming that Chrome has crashed.)
Build info: version: &amp;apos;3.141.59&amp;apos;, revision: &amp;apos;e82be7d358&amp;apos;, time: &amp;apos;2018-11-14T08:17:03&amp;apos;
System info: host: &amp;apos;DELL-PC&amp;apos;, ip: &amp;apos;192.168.0.102&amp;apos;, os.name: &amp;apos;Windows 7&amp;apos;, os.arch: &amp;apos;amd64&amp;apos;, os.version: &amp;apos;6.1&amp;apos;, java.version: &amp;apos;1.8.0_261&amp;apos;
Driver info: driver.version: ChromeDriver
remote stacktrace: Backtrace:
	Ordinal0 [0x00AFD383+3134339]
	Ordinal0 [0x009EA171+2007409]
	Ordinal0 [0x0088AEE8+569064]
	Ordinal0 [0x0080D721+55073]
	Ordinal0 [0x00830DFC+200188]
	Ordinal0 [0x00830C1D+199709]
	Ordinal0 [0x0082EB0B+191243]
	Ordinal0 [0x00812E77+77431]
	Ordinal0 [0x00813E3E+81470]
	Ordinal0 [0x00813DC9+81353]
	Ordinal0 [0x00A00CD9+2100441]
	GetHandleVerifier [0x00C6B75A+1396954]
	GetHandleVerifier [0x00C6B3D9+1396057]
	GetHandleVerifier [0x00C77126+1444518]
	GetHandleVerifier [0x00C6BCE8+1398376]
	Ordinal0 [0x009F7F51+2064209]
	Ordinal0 [0x00A022EB+2106091]
	Ordinal0 [0x00A02411+2106385]
	Ordinal0 [0x00A149C4+2181572]
	BaseThreadInitThunk [0x747B343D+18]
	RtlInitializeExceptionChain [0x76EE9812+99]
	RtlInitializeExceptionChain [0x76EE97E5+54]
">
      <![CDATA[org.openqa.selenium.WebDriverException: unknown error: Chrome failed to start: exited normally.
  (unknown error: DevToolsActivePort file doesn't exist)
  (The process started from chrome location C:\Program Files (x86)\Google\Chrome\Application\chrome.exe is no longer running, so ChromeDriver is assuming that Chrome has crashed.)
Build info: version: '3.141.59', revision: 'e82be7d358', time: '2018-11-14T08:17:03'
System info: host: 'DELL-PC', ip: '192.168.0.102', os.name: 'Windows 7', os.arch: 'amd64', os.version: '6.1', java.version: '1.8.0_261'
Driver info: driver.version: ChromeDriver
remote stacktrace: Backtrace:
	Ordinal0 [0x00AFD383+3134339]
	Ordinal0 [0x009EA171+2007409]
	Ordinal0 [0x0088AEE8+569064]
	Ordinal0 [0x0080D721+55073]
	Ordinal0 [0x00830DFC+200188]
	Ordinal0 [0x00830C1D+199709]
	Ordinal0 [0x0082EB0B+191243]
	Ordinal0 [0x00812E77+77431]
	Ordinal0 [0x00813E3E+81470]
	Ordinal0 [0x00813DC9+81353]
	Ordinal0 [0x00A00CD9+2100441]
	GetHandleVerifier [0x00C6B75A+1396954]
	GetHandleVerifier [0x00C6B3D9+1396057]
	GetHandleVerifier [0x00C77126+1444518]
	GetHandleVerifier [0x00C6BCE8+1398376]
	Ordinal0 [0x009F7F51+2064209]
	Ordinal0 [0x00A022EB+2106091]
	Ordinal0 [0x00A02411+2106385]
	Ordinal0 [0x00A149C4+2181572]
	BaseThreadInitThunk [0x747B343D+18]
	RtlInitializeExceptionChain [0x76EE9812+99]
	RtlInitializeExceptionChain [0x76EE97E5+54]

	at org.openqa.selenium.remote.W3CHandshakeResponse.lambda$errorHandler$0(W3CHandshakeResponse.java:62)
	at org.openqa.selenium.remote.HandshakeResponse.lambda$getResponseFunction$0(HandshakeResponse.java:30)
	at org.openqa.selenium.remote.ProtocolHandshake.lambda$createSession$0(ProtocolHandshake.java:126)
	at java.util.stream.ReferencePipeline$3$1.accept(Unknown Source)
	at java.util.Spliterators$ArraySpliterator.tryAdvance(Unknown Source)
	at java.util.stream.ReferencePipeline.forEachWithCancel(Unknown Source)
	at java.util.stream.AbstractPipeline.copyIntoWithCancel(Unknown Source)
	at java.util.stream.AbstractPipeline.copyInto(Unknown Source)
	at java.util.stream.AbstractPipeline.wrapAndCopyInto(Unknown Source)
	at java.util.stream.FindOps$FindOp.evaluateSequential(Unknown Source)
	at java.util.stream.AbstractPipeline.evaluate(Unknown Source)
	at java.util.stream.ReferencePipeline.findFirst(Unknown Source)
	at org.openqa.selenium.remote.ProtocolHandshake.createSession(ProtocolHandshake.java:128)
	at org.openqa.selenium.remote.ProtocolHandshake.createSession(ProtocolHandshake.java:74)
	at org.openqa.selenium.remote.HttpCommandExecutor.execute(HttpCommandExecutor.java:136)
	at org.openqa.selenium.remote.service.DriverCommandExecutor.execute(DriverCommandExecutor.java:83)
	at org.openqa.selenium.remote.RemoteWebDriver.execute(RemoteWebDriver.java:552)
	at org.openqa.selenium.remote.RemoteWebDriver.startSession(RemoteWebDriver.java:213)
	at org.openqa.selenium.remote.RemoteWebDriver.<init>(RemoteWebDriver.java:131)
	at org.openqa.selenium.chrome.ChromeDriver.<init>(ChromeDriver.java:181)
	at org.openqa.selenium.chrome.ChromeDriver.<init>(ChromeDriver.java:168)
	at org.openqa.selenium.chrome.ChromeDriver.<init>(ChromeDriver.java:123)
	at BaseClass.baseTestClass.invokeBrowser(baseTestClass.java:34)
	at testClass.RegressionTest.CarInsuranceTestCase(RegressionTest.java:72)
... Removed 29 stack frames]]>
    </failure>
  </testcase> <!-- CarInsuranceTestCase -->
  <testcase name="CarInsuranceTestCase" time="0.06" classname="testClass.RegressionTest">
    <skipped/>
  </testcase> <!-- CarInsuranceTestCase -->
  <testcase name="CarInsuranceTestCase" time="0.0" classname="testClass.RegressionTest">
    <skipped/>
  </testcase> <!-- CarInsuranceTestCase -->
  <testcase name="travelInsuranceTestCase" time="0.0" classname="testClass.RegressionTest">
    <ignored/>
  </testcase> <!-- travelInsuranceTestCase -->
</testsuite> <!-- Test -->
